<?xml version="1.0" encoding="UTF-8"?>
<!-- Generated by org.testng.reporters.JUnitReportReporter -->
<testsuite hostname="OP-QA-13" failures="0" tests="1" name="Framework1.TestNG1$TestNG4" time="0.004" errors="0" timestamp="2025-04-01T14:45:16 WEST" skipped="0">
  <testcase classname="Framework1.TestNG1$TestNG4" name="demo3" time="0.004"/>
</testsuite> <!-- Framework1.TestNG1$TestNG4 -->
