<?xml version="1.0" encoding="UTF-8"?>
<!-- Generated by org.testng.reporters.JUnitReportReporter -->
<testsuite hostname="OP-QA-13" failures="0" tests="3" name="Framework1.TestNG2" time="0.020" errors="0" timestamp="2025-04-02T00:15:43 WEST" skipped="0">
  <testcase classname="Framework1.TestNG2" name="usernamesAndPasswords" time="0.004"/>
  <testcase classname="Framework1.TestNG2" name="usernamesAndPasswords" time="0.012"/>
  <testcase classname="Framework1.TestNG2" name="usernamesAndPasswords" time="0.004"/>
</testsuite> <!-- Framework1.TestNG2 -->
