<?xml version="1.0" encoding="UTF-8"?>
<!-- Generated by org.testng.reporters.JUnitReportReporter -->
<testsuite hostname="OP-QA-13" failures="0" tests="1" name="Framework1.TestNG1$TestNG3" time="0.003" errors="0" timestamp="2025-04-01T14:39:35 WEST" skipped="0">
  <testcase classname="Framework1.TestNG1$TestNG3" name="demo2" time="0.003"/>
</testsuite> <!-- Framework1.TestNG1$TestNG3 -->
