<?xml version="1.0" encoding="UTF-8"?>
<!-- Generated by org.testng.reporters.JUnitReportReporter -->
<testsuite hostname="OP-QA-13" failures="0" tests="3" name="com.omni.tests.PurchaiseVariousProducts" time="66.998" errors="0" timestamp="2025-04-09T15:02:16 WEST" skipped="0">
  <testcase classname="com.omni.tests.PurchaiseVariousProducts" name="submitOrderWithJson" time="15.241"/>
  <testcase classname="com.omni.tests.PurchaiseVariousProducts" name="submitOrderWithJson" time="15.022"/>
  <testcase classname="com.omni.tests.PurchaiseVariousProducts" name="submitOrderWithJson" time="36.735"/>
</testsuite> <!-- com.omni.tests.PurchaiseVariousProducts -->
