<?xml version="1.0" encoding="UTF-8"?>
<!-- Generated by org.testng.reporters.JUnitReportReporter -->
<testsuite hostname="OP-QA-13" failures="0" tests="2" name="com.omni.StandAloneTest" time="25.154" errors="0" timestamp="2025-04-09T14:26:01 WEST" skipped="0">
  <testcase classname="com.omni.StandAloneTest" name="orderHistory" time="8.823"/>
  <testcase classname="com.omni.StandAloneTest" name="submitOrder" time="16.331"/>
</testsuite> <!-- com.omni.StandAloneTest -->
